<?xml version="1.0" encoding="UTF-8"?>
<!-- Generated by org.testng.reporters.JUnitReportReporter -->
<testsuite hostname="CPC-Sahil-BLBHA" failures="0" tests="1" name="runners.RunSugarTest" time="197.738" errors="0" timestamp="2024-12-05T16:14:00 IST" skipped="0">
  <testcase classname="runners.RunSugarTest" name="runScenario" time="197.738"/>
</testsuite> <!-- runners.RunSugarTest -->
