<?xml version="1.0" encoding="UTF-8"?>
<!-- Generated by org.testng.reporters.JUnitReportReporter -->
<testsuite hostname="CPC-Sahil-BLBHA" failures="0" tests="1" name="runners.RunCucumberTest" time="14.586" errors="0" timestamp="2024-10-09T09:09:58 IST" skipped="0">
  <testcase classname="runners.RunCucumberTest" name="runScenario" time="14.586"/>
</testsuite> <!-- runners.RunCucumberTest -->
