<?xml version="1.0" encoding="UTF-8"?>
<!-- Generated by org.testng.reporters.JUnitReportReporter -->
<testsuite hostname="CPC-Sahil-BLBHA" failures="0" tests="1" name="runners.RunCucumberTest" time="10.457" errors="0" timestamp="2024-11-27T08:22:31 IST" skipped="0">
  <testcase classname="runners.RunCucumberTest" name="runScenario" time="10.457"/>
</testsuite> <!-- runners.RunCucumberTest -->
