<?xml version="1.0" encoding="UTF-8"?>
<!-- Generated by org.testng.reporters.JUnitReportReporter -->
<testsuite hostname="CPC-Sahil-BLBHA" failures="0" tests="1" name="runners.RunCucumberTest" time="62.900" errors="0" timestamp="2024-12-03T07:45:26 IST" skipped="0">
  <testcase classname="runners.RunCucumberTest" name="runScenario" time="62.900"/>
</testsuite> <!-- runners.RunCucumberTest -->
