<?xml version="1.0" encoding="UTF-8"?>
<!-- Generated by org.testng.reporters.JUnitReportReporter -->
<testsuite hostname="CPC-Sahil-BLBHA" failures="0" tests="1" name="com.qa.tests.quickQuoteTest" time="7.162" errors="0" timestamp="2024-10-01T10:52:37 IST" skipped="0">
  <testcase classname="com.qa.tests.quickQuoteTest" name="testQuickQuoteProcess" time="7.162"/>
</testsuite> <!-- com.qa.tests.quickQuoteTest -->
