<?xml version="1.0" encoding="UTF-8"?>
<!-- Generated by org.testng.reporters.JUnitReportReporter -->
<testsuite hostname="CPC-Sahil-BLBHA" failures="0" tests="1" name="runners.RunCucumberTest" time="68.051" errors="0" timestamp="2024-12-04T16:25:29 IST" skipped="0">
  <testcase classname="runners.RunCucumberTest" name="runScenario" time="68.051"/>
</testsuite> <!-- runners.RunCucumberTest -->
