<?xml version="1.0" encoding="UTF-8"?>
<!-- Generated by org.testng.reporters.JUnitReportReporter -->
<testsuite hostname="CPC-Sahil-BLBHA" failures="0" tests="1" name="runners.RunCucumberTest" time="40.339" errors="0" timestamp="2024-12-16T14:27:26 IST" skipped="0">
  <testcase classname="runners.RunCucumberTest" name="runScenario" time="40.339"/>
</testsuite> <!-- runners.RunCucumberTest -->
