<?xml version="1.0" encoding="UTF-8"?>
<!-- Generated by org.testng.reporters.JUnitReportReporter -->
<testsuite hostname="CPC-Sahil-BLBHA" failures="0" tests="1" name="com.qa.tests.quickQuoteTest" time="4.105" errors="0" timestamp="2024-10-01T15:53:49 IST" skipped="0">
  <testcase classname="com.qa.tests.quickQuoteTest" name="testQuickQuoteProcess" time="4.105"/>
</testsuite> <!-- com.qa.tests.quickQuoteTest -->
