<?xml version="1.0" encoding="UTF-8"?>
<!-- Generated by org.testng.reporters.JUnitReportReporter -->
<testsuite hostname="CPC-Sahil-BLBHA" failures="0" tests="2" name="runners.RunCucumberTest" time="33.073" errors="0" timestamp="2024-10-24T13:10:29 IST" skipped="0">
  <testcase classname="runners.RunCucumberTest" name="runScenario" time="17.433"/>
  <testcase classname="runners.RunCucumberTest" name="runScenario" time="15.640"/>
</testsuite> <!-- runners.RunCucumberTest -->
