<?xml version="1.0" encoding="UTF-8"?>
<!-- Generated by org.testng.reporters.JUnitReportReporter -->
<testsuite hostname="CPC-Sahil-BLBHA" failures="0" tests="1" name="runners.RunCucumberTest" time="12.691" errors="0" timestamp="2024-10-05T08:43:19 IST" skipped="0">
  <testcase classname="runners.RunCucumberTest" name="runScenario" time="12.691"/>
</testsuite> <!-- runners.RunCucumberTest -->
