<?xml version="1.0" encoding="UTF-8"?>
<!-- Generated by org.testng.reporters.JUnitReportReporter -->
<testsuite hostname="CPC-Sahil-BLBHA" failures="0" tests="1" name="runners.RunCucumberTest" time="72.371" errors="0" timestamp="2024-10-30T13:46:17 IST" skipped="0">
  <testcase classname="runners.RunCucumberTest" name="runScenario" time="72.371"/>
</testsuite> <!-- runners.RunCucumberTest -->
