<?xml version="1.0" encoding="UTF-8"?>
<!-- Generated by org.testng.reporters.JUnitReportReporter -->
<testsuite hostname="CPC-Sahil-BLBHA" failures="0" tests="1" name="runners.RunSugarTest" time="9.809" errors="0" timestamp="2024-11-18T10:11:57 IST" skipped="0">
  <testcase classname="runners.RunSugarTest" name="runScenario" time="9.809"/>
</testsuite> <!-- runners.RunSugarTest -->
