<?xml version="1.0" encoding="UTF-8"?>
<!-- Generated by org.testng.reporters.JUnitReportReporter -->
<testsuite hostname="CPC-Sahil-BLBHA" failures="0" tests="1" name="runners.RunCucumberTest" time="60.239" errors="0" timestamp="2024-11-27T12:48:13 IST" skipped="0">
  <testcase classname="runners.RunCucumberTest" name="runScenario" time="60.239"/>
</testsuite> <!-- runners.RunCucumberTest -->
