<?xml version="1.0" encoding="UTF-8"?>
<!-- Generated by org.testng.reporters.JUnitReportReporter -->
<testsuite hostname="CPC-Sahil-BLBHA" failures="0" tests="1" name="runners.RunCucumberTest" time="56.210" errors="0" timestamp="2024-11-18T15:07:24 IST" skipped="0">
  <testcase classname="runners.RunCucumberTest" name="runScenario" time="56.210"/>
</testsuite> <!-- runners.RunCucumberTest -->
