<?xml version="1.0" encoding="UTF-8"?>
<!-- Generated by org.testng.reporters.JUnitReportReporter -->
<testsuite hostname="CPC-Sahil-BLBHA" failures="0" tests="1" name="runners.RunCucumberTest" time="28.671" errors="0" timestamp="2024-11-21T08:47:57 IST" skipped="0">
  <testcase classname="runners.RunCucumberTest" name="runScenario" time="28.671"/>
</testsuite> <!-- runners.RunCucumberTest -->
