<?xml version="1.0" encoding="UTF-8"?>
<!-- Generated by org.testng.reporters.JUnitReportReporter -->
<testsuite hostname="CPC-Sahil-BLBHA" failures="0" tests="1" name="runners.RunSugarTest" time="106.380" errors="0" timestamp="2024-11-28T14:54:46 IST" skipped="0">
  <testcase classname="runners.RunSugarTest" name="runScenario" time="106.380"/>
</testsuite> <!-- runners.RunSugarTest -->
