<?xml version="1.0" encoding="UTF-8"?>
<!-- Generated by org.testng.reporters.JUnitReportReporter -->
<testsuite hostname="CPC-Sahil-BLBHA" failures="0" tests="1" name="runners.RunCucumberTest" time="9.120" errors="0" timestamp="2024-10-04T15:58:50 IST" skipped="0">
  <testcase classname="runners.RunCucumberTest" name="runScenario" time="9.120"/>
</testsuite> <!-- runners.RunCucumberTest -->
