<?xml version="1.0" encoding="UTF-8"?>
<!-- Generated by org.testng.reporters.JUnitReportReporter -->
<testsuite hostname="CPC-Sahil-BLBHA" failures="0" tests="1" name="com.qa.BaseTest" time="5.314" errors="0" timestamp="2024-09-30T08:49:24 IST" skipped="0">
  <testcase classname="com.qa.BaseTest" name="initialize" time="5.314"/>
</testsuite> <!-- com.qa.BaseTest -->
