<?xml version="1.0" encoding="UTF-8"?>
<!-- Generated by org.testng.reporters.JUnitReportReporter -->
<testsuite hostname="CPC-Sahil-BLBHA" failures="0" tests="1" name="runners.RunSugarTest" time="196.675" errors="0" timestamp="2024-12-04T13:52:05 IST" skipped="0">
  <testcase classname="runners.RunSugarTest" name="runScenario" time="196.675"/>
</testsuite> <!-- runners.RunSugarTest -->
