<?xml version="1.0" encoding="UTF-8"?>
<!-- Generated by org.testng.reporters.JUnitReportReporter -->
<testsuite hostname="CPC-Sahil-BLBHA" failures="0" tests="1" name="com.qa.tests.quickQuoteTest" time="4.321" errors="0" timestamp="2024-10-03T14:01:12 IST" skipped="0">
  <testcase classname="com.qa.tests.quickQuoteTest" name="testQuickQuoteProcess" time="4.321"/>
</testsuite> <!-- com.qa.tests.quickQuoteTest -->
